2025-12-03 20:29:03,301 [PRODUCER] INFO: Starting to produce 100 trades.
2025-12-03 20:29:03,302 [PRODUCER] INFO: Inserted trade: id=d340e9cb-b67f-40a0-87bd-bf83edec5718 symbol=AAPL side=BUY qty=6510 price=74.85 amount=487273.5
2025-12-03 20:29:03,302 [PRODUCER] INFO: Inserted trade: id=425844a8-e2d9-4737-aad4-abdf17d86f94 symbol=MSFT side=SELL qty=4977 price=443.86 amount=2209091.22
2025-12-03 20:29:03,303 [PRODUCER] INFO: Inserted trade: id=0ea4ab3a-bf1e-4e86-b2d0-180370ad9f62 symbol=AAPL side=BUY qty=3595 price=296.32 amount=1065270.4
2025-12-03 20:29:03,303 [PRODUCER] INFO: Inserted trade: id=dc603b3f-08d3-4f9a-98a3-2bf13ad83e20 symbol=TSLA side=BUY qty=302 price=492.48 amount=148728.96
2025-12-03 20:29:03,304 [PRODUCER] INFO: Inserted trade: id=10ace919-cded-4924-95a2-039ab8f85ebb symbol=GOOG side=SELL qty=7837 price=360.16 amount=2822573.92
2025-12-03 20:29:03,305 [PRODUCER] INFO: Inserted trade: id=818557fa-d7c6-49fb-990f-a6a610c77f87 symbol=GOOG side=BUY qty=1401 price=150.26 amount=210514.26
2025-12-03 20:29:03,305 [PRODUCER] INFO: Inserted trade: id=a4a5d2ff-57b9-444a-8b9b-8778dd855226 symbol=GOOG side=SELL qty=5598 price=396.26 amount=2218263.48
2025-12-03 20:29:03,306 [PRODUCER] INFO: Inserted trade: id=f4f155a1-64a6-4f3f-a220-400f9fbff34d symbol=AAPL side=BUY qty=3076 price=101.47 amount=312121.72
2025-12-03 20:29:03,306 [PRODUCER] INFO: Inserted trade: id=e963621c-dd30-4645-a3a8-4f3f3a9cf90f symbol=GOOG side=BUY qty=6935 price=339.19 amount=2352282.65
2025-12-03 20:29:03,307 [PRODUCER] INFO: Inserted trade: id=b2b6f87c-25bf-47f4-9fea-403f434736c5 symbol=MSFT side=BUY qty=1742 price=467.78 amount=814872.76
2025-12-03 20:29:03,307 [PRODUCER] INFO: Inserted trade: id=88777664-12b1-46e3-b60f-d7410493280d symbol=MSFT side=SELL qty=4409 price=160.78 amount=708879.02
2025-12-03 20:29:03,308 [PRODUCER] INFO: Inserted trade: id=a0c5df9c-bdc0-4c92-96e1-ff84c5ee2b39 symbol=AAPL side=BUY qty=8123 price=170.85 amount=1387814.55
2025-12-03 20:29:03,308 [PRODUCER] INFO: Inserted trade: id=2b262100-7b0a-4104-ac3b-7a6b958cd43c symbol=MSFT side=BUY qty=3424 price=19.51 amount=66802.24
2025-12-03 20:29:03,309 [PRODUCER] INFO: Inserted trade: id=e7b86430-0516-40ed-9d4b-4135088a6234 symbol=AMZN side=SELL qty=4278 price=352.81 amount=1509321.18
2025-12-03 20:29:03,310 [PRODUCER] INFO: Inserted trade: id=19a4930a-665d-4fda-af23-dee8f6d629dd symbol=MSFT side=BUY qty=4177 price=230.85 amount=964260.45
2025-12-03 20:29:03,310 [PRODUCER] INFO: Inserted trade: id=9d07ada8-8406-41fb-b8ac-c53a6f99be97 symbol=AAPL side=BUY qty=6045 price=333.95 amount=2018727.75
2025-12-03 20:29:03,310 [PRODUCER] INFO: Inserted trade: id=9dc3a0de-2c5c-43f9-b5dd-b704c64bfd0a symbol=GOOG side=BUY qty=6195 price=176.18 amount=1091435.1
2025-12-03 20:29:03,311 [PRODUCER] INFO: Inserted trade: id=58f05e45-a56c-46fd-82dd-0be82d753d43 symbol=AMZN side=SELL qty=7148 price=307.17 amount=2195651.16
2025-12-03 20:29:03,311 [PRODUCER] INFO: Inserted trade: id=e2e90f1c-88f4-42e2-a49c-7128fb925a70 symbol=AAPL side=SELL qty=855 price=339.08 amount=289913.4
2025-12-03 20:29:03,312 [PRODUCER] INFO: Inserted trade: id=9662c3a8-12bc-4933-9467-9a20165e817c symbol=AMZN side=SELL qty=236 price=296.96 amount=70082.56
2025-12-03 20:29:03,312 [PRODUCER] INFO: Inserted trade: id=a8dd8cea-ab9b-4edc-a6a4-2d4f8b64edb7 symbol=AMZN side=SELL qty=7553 price=196.87 amount=1486959.11
2025-12-03 20:29:03,312 [PRODUCER] INFO: Inserted trade: id=fa6853db-637e-4b6f-8ff0-eff401a47bc3 symbol=MSFT side=BUY qty=6090 price=61.83 amount=376544.7
2025-12-03 20:29:03,313 [PRODUCER] INFO: Inserted trade: id=86cafcae-a83f-4df1-abf3-d3d8580dd2f0 symbol=AMZN side=BUY qty=750 price=101.27 amount=75952.5
2025-12-03 20:29:03,313 [PRODUCER] INFO: Inserted trade: id=7518cef7-1b27-4b1d-b74f-41eb8c199920 symbol=GOOG side=SELL qty=7649 price=106.38 amount=813700.62
2025-12-03 20:29:03,314 [PRODUCER] INFO: Inserted trade: id=eeaef00c-61cc-4d84-b168-8aba04af90de symbol=TSLA side=SELL qty=4145 price=207.14 amount=858595.3
2025-12-03 20:29:03,314 [PRODUCER] INFO: Inserted trade: id=e1ee195d-bd42-4734-b232-e9c807d43573 symbol=AAPL side=BUY qty=8949 price=180.99 amount=1619679.51
2025-12-03 20:29:03,314 [PRODUCER] INFO: Inserted trade: id=199b7224-7c3b-45d8-9efa-569a02ede1b8 symbol=TSLA side=SELL qty=9755 price=122.16 amount=1191670.8
2025-12-03 20:29:03,315 [PRODUCER] INFO: Inserted trade: id=58257fcc-65f9-4c13-8ff9-45e66acd974c symbol=AAPL side=SELL qty=830 price=82.88 amount=68790.4
2025-12-03 20:29:03,315 [PRODUCER] INFO: Inserted trade: id=22f14619-6c01-4ef1-a749-a940f9e70e51 symbol=MSFT side=SELL qty=8564 price=53.16 amount=455262.24
2025-12-03 20:29:03,315 [PRODUCER] INFO: Inserted trade: id=735c0f79-67eb-457e-8595-d1747b34e321 symbol=GOOG side=SELL qty=5023 price=230.76 amount=1159107.48
2025-12-03 20:29:03,316 [PRODUCER] INFO: Inserted trade: id=4dd7cca9-3777-4b9f-bdf4-a5f2555ef581 symbol=TSLA side=SELL qty=1993 price=33.96 amount=67682.28
2025-12-03 20:29:03,316 [PRODUCER] INFO: Inserted trade: id=42d62b89-6b64-4613-9643-fe572cbe22f0 symbol=AAPL side=BUY qty=9324 price=479.04 amount=4466568.96
2025-12-03 20:29:03,317 [PRODUCER] INFO: Inserted trade: id=b8d30646-0c37-4348-aefc-db0a64959bfe symbol=TSLA side=BUY qty=1393 price=99.93 amount=139202.49
2025-12-03 20:29:03,317 [PRODUCER] INFO: Inserted trade: id=f28a9f12-66a1-446c-b9f3-74cefc55e02b symbol=GOOG side=BUY qty=7038 price=247.92 amount=1744860.96
2025-12-03 20:29:03,317 [PRODUCER] INFO: Inserted trade: id=46df65f6-0107-4797-a257-5592fb66487d symbol=AAPL side=SELL qty=494 price=195.6 amount=96626.4
2025-12-03 20:29:03,318 [PRODUCER] INFO: Inserted trade: id=fdf18255-a582-486c-887e-af6d0a2c62da symbol=GOOG side=BUY qty=9937 price=241.77 amount=2402468.49
2025-12-03 20:29:03,319 [PRODUCER] INFO: Inserted trade: id=de80c616-909c-4a27-92d7-b7b47975a509 symbol=MSFT side=SELL qty=850 price=63.02 amount=53567.0
2025-12-03 20:29:03,319 [PRODUCER] INFO: Inserted trade: id=fd14f942-7a69-4385-8492-739993d2e52d symbol=AMZN side=SELL qty=1105 price=457.85 amount=505924.25
2025-12-03 20:29:03,320 [PRODUCER] INFO: Inserted trade: id=302ed162-ffa2-4d82-86fe-d86e95b6c811 symbol=AAPL side=SELL qty=6622 price=476.12 amount=3152866.64
2025-12-03 20:29:03,320 [PRODUCER] INFO: Inserted trade: id=6acf8cac-93f5-40bb-9e35-8ad7bc42c2ab symbol=MSFT side=BUY qty=2972 price=297.7 amount=884764.4
2025-12-03 20:29:03,320 [PRODUCER] INFO: Inserted trade: id=7ce298fc-ef88-425b-9791-d547cce770b7 symbol=MSFT side=BUY qty=4460 price=345.52 amount=1541019.2
2025-12-03 20:29:03,321 [PRODUCER] INFO: Inserted trade: id=e234ebff-bf96-4593-be50-dc5125a34b27 symbol=AAPL side=BUY qty=7032 price=175.54 amount=1234397.28
2025-12-03 20:29:03,321 [PRODUCER] INFO: Inserted trade: id=589c4a60-70aa-45c7-8db2-bead614980ab symbol=TSLA side=SELL qty=622 price=241.98 amount=150511.56
2025-12-03 20:29:03,321 [PRODUCER] INFO: Inserted trade: id=6e774cfa-d7d7-4223-9039-6ab3933322c1 symbol=MSFT side=SELL qty=384 price=188.31 amount=72311.04
2025-12-03 20:29:03,322 [PRODUCER] INFO: Inserted trade: id=f5663e1b-c8d8-4d6b-8e05-25f1cab4a910 symbol=GOOG side=SELL qty=5957 price=400.48 amount=2385659.36
2025-12-03 20:29:03,322 [PRODUCER] INFO: Inserted trade: id=066b75ee-5f5f-4df8-8fb1-95d21900fd15 symbol=GOOG side=BUY qty=8687 price=393.26 amount=3416249.62
2025-12-03 20:29:03,323 [PRODUCER] INFO: Inserted trade: id=8fe017b9-13a7-41c8-be83-27c481962077 symbol=MSFT side=SELL qty=3589 price=362.67 amount=1301622.63
2025-12-03 20:29:03,323 [PRODUCER] INFO: Inserted trade: id=fcec63d7-a388-4cd9-a707-2e2d3ffc65c3 symbol=TSLA side=BUY qty=410 price=146.21 amount=59946.1
2025-12-03 20:29:03,324 [PRODUCER] INFO: Inserted trade: id=8fe72de7-8fc3-4115-8db5-287325998fb9 symbol=AMZN side=BUY qty=8331 price=345.49 amount=2878277.19
2025-12-03 20:29:03,324 [PRODUCER] INFO: Inserted trade: id=44d1056e-a1e9-49a6-a519-442af5f477bb symbol=AMZN side=SELL qty=2772 price=226.15 amount=626887.8
2025-12-03 20:29:03,324 [PRODUCER] INFO: Inserted trade: id=358e2634-eccf-40fa-9dcb-162b65ad13d1 symbol=GOOG side=BUY qty=7513 price=54.29 amount=407880.77
2025-12-03 20:29:03,325 [PRODUCER] INFO: Inserted trade: id=d9486127-40f2-4045-94ef-e3b21867700c symbol=TSLA side=BUY qty=6206 price=37.22 amount=230987.32
2025-12-03 20:29:03,326 [PRODUCER] INFO: Inserted trade: id=61c807d4-e8a0-4db1-9f97-a432b6c77ded symbol=AMZN side=BUY qty=8565 price=251.79 amount=2156581.35
2025-12-03 20:29:03,326 [PRODUCER] INFO: Inserted trade: id=26c5d84c-1bce-4488-a3ec-d9d816a604e4 symbol=AMZN side=BUY qty=9889 price=236.5 amount=2338748.5
2025-12-03 20:29:03,327 [PRODUCER] INFO: Inserted trade: id=9a911623-ae2d-47d6-ad6c-baf6881b7add symbol=GOOG side=SELL qty=2528 price=432.36 amount=1093006.08
2025-12-03 20:29:03,327 [PRODUCER] INFO: Inserted trade: id=f59946b5-8e3c-41ee-af5f-bca3f6213771 symbol=MSFT side=BUY qty=7206 price=363.99 amount=2622911.94
2025-12-03 20:29:03,327 [PRODUCER] INFO: Inserted trade: id=86fd3de0-738d-42be-a0fe-7b29c4f684b8 symbol=TSLA side=SELL qty=4613 price=374.83 amount=1729090.79
2025-12-03 20:29:03,328 [PRODUCER] INFO: Inserted trade: id=2539873d-0c6d-4823-9bf1-bda234f4c91c symbol=AAPL side=BUY qty=9033 price=197.19 amount=1781217.27
2025-12-03 20:29:03,328 [PRODUCER] INFO: Inserted trade: id=c27a6cf9-64bb-4fb3-9ab9-c84d8ed7c39a symbol=AAPL side=SELL qty=4453 price=51.73 amount=230353.69
2025-12-03 20:29:03,328 [PRODUCER] INFO: Inserted trade: id=9023b69b-566e-4238-b979-a9c32e09cfb4 symbol=TSLA side=SELL qty=7025 price=497.86 amount=3497466.5
2025-12-03 20:29:03,329 [PRODUCER] INFO: Inserted trade: id=276ab340-12c2-4800-b96b-d3bed79007ea symbol=AMZN side=BUY qty=1276 price=239.39 amount=305461.64
2025-12-03 20:29:03,329 [PRODUCER] INFO: Inserted trade: id=87651237-9c9f-4870-b3de-bfca8d113881 symbol=MSFT side=BUY qty=4247 price=115.47 amount=490401.09
2025-12-03 20:29:03,329 [PRODUCER] INFO: Inserted trade: id=14ef0540-092c-4995-8e0c-2652dfec9c7d symbol=AMZN side=BUY qty=5566 price=403.96 amount=2248441.36
2025-12-03 20:29:03,330 [PRODUCER] INFO: Inserted trade: id=4608f1a9-3f4f-4648-87e6-87e1482d28d4 symbol=AAPL side=BUY qty=2228 price=125.82 amount=280326.96
2025-12-03 20:29:03,330 [PRODUCER] INFO: Inserted trade: id=d0c3eca1-e382-4573-907b-c852dcd9b1a4 symbol=MSFT side=BUY qty=4563 price=73.22 amount=334102.86
2025-12-03 20:29:03,330 [PRODUCER] INFO: Inserted trade: id=a804f61b-734a-4889-83ab-00a169fbd140 symbol=AAPL side=BUY qty=9282 price=42.87 amount=397919.34
2025-12-03 20:29:03,330 [PRODUCER] INFO: Inserted trade: id=bdaad454-d9e3-471f-bb28-6b382be93909 symbol=AMZN side=SELL qty=5744 price=47.48 amount=272725.12
2025-12-03 20:29:03,331 [PRODUCER] INFO: Inserted trade: id=501d7b2b-d8a6-4604-ab52-9dcbb3995566 symbol=AAPL side=BUY qty=4699 price=184.92 amount=868939.08
2025-12-03 20:29:03,331 [PRODUCER] INFO: Inserted trade: id=3f834028-7836-4754-afaa-e79d069e2cc5 symbol=TSLA side=BUY qty=4462 price=288.83 amount=1288759.46
2025-12-03 20:29:03,331 [PRODUCER] INFO: Inserted trade: id=38358930-4643-429f-b2e8-e258533cc2f0 symbol=GOOG side=BUY qty=9943 price=331.71 amount=3298192.53
2025-12-03 20:29:03,332 [PRODUCER] INFO: Inserted trade: id=b221ef93-aac0-479d-8d68-8eed5251dc50 symbol=GOOG side=BUY qty=4573 price=68.66 amount=313982.18
2025-12-03 20:29:03,332 [PRODUCER] INFO: Inserted trade: id=00fe2c8c-9009-4f44-b3f6-2767254f6fbf symbol=MSFT side=BUY qty=2365 price=356.18 amount=842365.7
2025-12-03 20:29:03,332 [PRODUCER] INFO: Inserted trade: id=41abdedb-9200-49d2-b80f-a064f03b06dd symbol=TSLA side=SELL qty=2596 price=89.68 amount=232809.28
2025-12-03 20:29:03,333 [PRODUCER] INFO: Inserted trade: id=7275397d-2a44-4e6a-9b21-2cf80ba3c0ab symbol=AAPL side=SELL qty=5198 price=335.44 amount=1743617.12
2025-12-03 20:29:03,333 [PRODUCER] INFO: Inserted trade: id=edc37fb1-9824-4a31-aa34-12167b307026 symbol=AMZN side=SELL qty=5565 price=70.57 amount=392722.05
2025-12-03 20:29:03,333 [PRODUCER] INFO: Inserted trade: id=7ec475be-427a-4785-b11d-c4d3befdcb99 symbol=AMZN side=BUY qty=2281 price=59.22 amount=135080.82
2025-12-03 20:29:03,334 [PRODUCER] INFO: Inserted trade: id=f998e507-3914-4bde-9eca-54b03ff9a843 symbol=MSFT side=BUY qty=315 price=462.72 amount=145756.8
2025-12-03 20:29:03,334 [PRODUCER] INFO: Inserted trade: id=9736c3a5-09ee-4ff3-a52f-96eabbf956bc symbol=GOOG side=BUY qty=166 price=194.99 amount=32368.34
2025-12-03 20:29:03,334 [PRODUCER] INFO: Inserted trade: id=15e23887-9118-4a95-9866-86db90b072a1 symbol=AAPL side=BUY qty=6973 price=129.61 amount=903770.53
2025-12-03 20:29:03,335 [PRODUCER] INFO: Inserted trade: id=635026ef-a0a9-4b1b-a93b-e6ad33347268 symbol=MSFT side=SELL qty=3447 price=466.74 amount=1608852.78
2025-12-03 20:29:03,335 [PRODUCER] INFO: Inserted trade: id=c7206a83-721c-4a48-9d86-a59ed4c49940 symbol=MSFT side=SELL qty=4260 price=465.18 amount=1981666.8
2025-12-03 20:29:03,335 [PRODUCER] INFO: Inserted trade: id=2f4e2cd3-a41f-4d57-adc1-9cb5d7c16ee2 symbol=AAPL side=SELL qty=8320 price=471.36 amount=3921715.2
2025-12-03 20:29:03,336 [PRODUCER] INFO: Inserted trade: id=9e80faf5-7503-4b01-b8ab-e2b3cb399ad5 symbol=GOOG side=BUY qty=4289 price=369.88 amount=1586415.32
2025-12-03 20:29:03,336 [PRODUCER] INFO: Inserted trade: id=d9f9ac82-3441-4beb-9db2-19cb589297f0 symbol=MSFT side=BUY qty=6644 price=314.73 amount=2091066.12
2025-12-03 20:29:03,336 [PRODUCER] INFO: Inserted trade: id=beb515e2-e38a-425f-832d-152d1907185d symbol=GOOG side=SELL qty=6898 price=286.68 amount=1977518.64
2025-12-03 20:29:03,337 [PRODUCER] INFO: Inserted trade: id=e4e98d88-c295-4b3a-81d3-f48755b12a8c symbol=GOOG side=SELL qty=2446 price=407.2 amount=996011.2
2025-12-03 20:29:03,337 [PRODUCER] INFO: Inserted trade: id=01265083-572b-43db-81fc-d8f7d04bfa10 symbol=TSLA side=BUY qty=4961 price=67.01 amount=332436.61
2025-12-03 20:29:03,338 [PRODUCER] INFO: Inserted trade: id=32aeb441-dea6-4669-ad4c-af04e6b0f7b1 symbol=AMZN side=SELL qty=2004 price=271.82 amount=544727.28
2025-12-03 20:29:03,339 [PRODUCER] INFO: Inserted trade: id=1f194195-3511-46f5-aec7-b69d741bd391 symbol=MSFT side=BUY qty=9406 price=63.93 amount=601325.58
2025-12-03 20:29:03,339 [PRODUCER] INFO: Inserted trade: id=46e0db87-58a7-4ebb-80d9-2a0091921d87 symbol=GOOG side=SELL qty=5494 price=396.44 amount=2178041.36
2025-12-03 20:29:03,339 [PRODUCER] INFO: Inserted trade: id=250afe37-89f2-40eb-8719-e7ed6fa32711 symbol=AMZN side=SELL qty=4791 price=318.02 amount=1523633.82
2025-12-03 20:29:03,339 [PRODUCER] INFO: Inserted trade: id=2478151a-6af9-4b51-8a57-b881a102526c symbol=AAPL side=BUY qty=5969 price=332.89 amount=1987020.41
2025-12-03 20:29:03,340 [PRODUCER] INFO: Inserted trade: id=64c8775c-9830-44f5-8a85-f30deefe5be2 symbol=AMZN side=BUY qty=2481 price=300.92 amount=746582.52
2025-12-03 20:29:03,340 [PRODUCER] INFO: Inserted trade: id=473c2e44-aac4-4f38-976b-9e0ee85afbd9 symbol=AMZN side=BUY qty=8113 price=417.84 amount=3389935.92
2025-12-03 20:29:03,340 [PRODUCER] INFO: Inserted trade: id=a92f8b20-6c11-41e7-8f25-a6ab3c669e97 symbol=GOOG side=SELL qty=5662 price=462.89 amount=2620883.18
2025-12-03 20:29:03,341 [PRODUCER] INFO: Inserted trade: id=787f6592-4e65-44cd-bb32-ed7f31ea618e symbol=MSFT side=BUY qty=8303 price=396.02 amount=3288154.06
2025-12-03 20:29:03,341 [PRODUCER] INFO: Inserted trade: id=6c786d84-77b2-4197-9f48-8b2cf19ec13c symbol=TSLA side=BUY qty=8707 price=347.31 amount=3024028.17
2025-12-03 20:29:03,341 [PRODUCER] INFO: Inserted trade: id=09962579-0ea2-4f26-b36c-e718d4b93655 symbol=TSLA side=SELL qty=6705 price=449.84 amount=3016177.2
2025-12-03 20:29:03,342 [PRODUCER] INFO: Inserted trade: id=8f799821-3bf5-4b1a-a3c2-0c070eae50c5 symbol=TSLA side=BUY qty=7559 price=459.29 amount=3471773.11
2025-12-03 20:29:03,343 [PRODUCER] INFO: Inserted trade: id=46348ae0-c477-4b00-b1bf-d53531980a43 symbol=AMZN side=SELL qty=1775 price=440.53 amount=781940.75
2025-12-03 20:29:03,343 [PRODUCER] INFO: Finished producing trades.
2025-12-03 20:29:03,343 [PRODUCER] INFO: Running checks on 100 recent trades.
2025-12-03 20:29:03,343 [PRODUCER] WARNING: High amount trade detected: trade_id=425844a8-e2d9-4737-aad4-abdf17d86f94, symbol=MSFT, side=SELL, amount=2209091.22
2025-12-03 20:29:03,344 [PRODUCER] WARNING: High amount trade detected: trade_id=0ea4ab3a-bf1e-4e86-b2d0-180370ad9f62, symbol=AAPL, side=BUY, amount=1065270.4
2025-12-03 20:29:03,344 [PRODUCER] WARNING: High amount trade detected: trade_id=10ace919-cded-4924-95a2-039ab8f85ebb, symbol=GOOG, side=SELL, amount=2822573.92
2025-12-03 20:29:03,344 [PRODUCER] WARNING: High amount trade detected: trade_id=a4a5d2ff-57b9-444a-8b9b-8778dd855226, symbol=GOOG, side=SELL, amount=2218263.48
2025-12-03 20:29:03,344 [PRODUCER] WARNING: High amount trade detected: trade_id=e963621c-dd30-4645-a3a8-4f3f3a9cf90f, symbol=GOOG, side=BUY, amount=2352282.65
2025-12-03 20:29:03,344 [PRODUCER] WARNING: High amount trade detected: trade_id=a0c5df9c-bdc0-4c92-96e1-ff84c5ee2b39, symbol=AAPL, side=BUY, amount=1387814.55
2025-12-03 20:29:03,344 [PRODUCER] WARNING: High amount trade detected: trade_id=e7b86430-0516-40ed-9d4b-4135088a6234, symbol=AMZN, side=SELL, amount=1509321.18
2025-12-03 20:29:03,344 [PRODUCER] WARNING: High amount trade detected: trade_id=9d07ada8-8406-41fb-b8ac-c53a6f99be97, symbol=AAPL, side=BUY, amount=2018727.75
2025-12-03 20:29:03,344 [PRODUCER] WARNING: High amount trade detected: trade_id=9dc3a0de-2c5c-43f9-b5dd-b704c64bfd0a, symbol=GOOG, side=BUY, amount=1091435.1
2025-12-03 20:29:03,344 [PRODUCER] WARNING: High amount trade detected: trade_id=58f05e45-a56c-46fd-82dd-0be82d753d43, symbol=AMZN, side=SELL, amount=2195651.16
2025-12-03 20:29:03,344 [PRODUCER] WARNING: High amount trade detected: trade_id=a8dd8cea-ab9b-4edc-a6a4-2d4f8b64edb7, symbol=AMZN, side=SELL, amount=1486959.11
2025-12-03 20:29:03,344 [PRODUCER] WARNING: High amount trade detected: trade_id=e1ee195d-bd42-4734-b232-e9c807d43573, symbol=AAPL, side=BUY, amount=1619679.51
2025-12-03 20:29:03,344 [PRODUCER] WARNING: High amount trade detected: trade_id=199b7224-7c3b-45d8-9efa-569a02ede1b8, symbol=TSLA, side=SELL, amount=1191670.8
2025-12-03 20:29:03,344 [PRODUCER] WARNING: High amount trade detected: trade_id=735c0f79-67eb-457e-8595-d1747b34e321, symbol=GOOG, side=SELL, amount=1159107.48
2025-12-03 20:29:03,344 [PRODUCER] WARNING: High amount trade detected: trade_id=42d62b89-6b64-4613-9643-fe572cbe22f0, symbol=AAPL, side=BUY, amount=4466568.96
2025-12-03 20:29:03,344 [PRODUCER] WARNING: High amount trade detected: trade_id=f28a9f12-66a1-446c-b9f3-74cefc55e02b, symbol=GOOG, side=BUY, amount=1744860.96
2025-12-03 20:29:03,344 [PRODUCER] WARNING: High amount trade detected: trade_id=fdf18255-a582-486c-887e-af6d0a2c62da, symbol=GOOG, side=BUY, amount=2402468.49
2025-12-03 20:29:03,344 [PRODUCER] WARNING: High amount trade detected: trade_id=302ed162-ffa2-4d82-86fe-d86e95b6c811, symbol=AAPL, side=SELL, amount=3152866.64
2025-12-03 20:29:03,344 [PRODUCER] WARNING: High amount trade detected: trade_id=7ce298fc-ef88-425b-9791-d547cce770b7, symbol=MSFT, side=BUY, amount=1541019.2
2025-12-03 20:29:03,344 [PRODUCER] WARNING: High amount trade detected: trade_id=e234ebff-bf96-4593-be50-dc5125a34b27, symbol=AAPL, side=BUY, amount=1234397.28
2025-12-03 20:29:03,344 [PRODUCER] WARNING: High amount trade detected: trade_id=f5663e1b-c8d8-4d6b-8e05-25f1cab4a910, symbol=GOOG, side=SELL, amount=2385659.36
2025-12-03 20:29:03,344 [PRODUCER] WARNING: High amount trade detected: trade_id=066b75ee-5f5f-4df8-8fb1-95d21900fd15, symbol=GOOG, side=BUY, amount=3416249.62
2025-12-03 20:29:03,344 [PRODUCER] WARNING: High amount trade detected: trade_id=8fe017b9-13a7-41c8-be83-27c481962077, symbol=MSFT, side=SELL, amount=1301622.63
2025-12-03 20:29:03,344 [PRODUCER] WARNING: High amount trade detected: trade_id=8fe72de7-8fc3-4115-8db5-287325998fb9, symbol=AMZN, side=BUY, amount=2878277.19
2025-12-03 20:29:03,344 [PRODUCER] WARNING: High amount trade detected: trade_id=61c807d4-e8a0-4db1-9f97-a432b6c77ded, symbol=AMZN, side=BUY, amount=2156581.35
2025-12-03 20:29:03,344 [PRODUCER] WARNING: High amount trade detected: trade_id=26c5d84c-1bce-4488-a3ec-d9d816a604e4, symbol=AMZN, side=BUY, amount=2338748.5
2025-12-03 20:29:03,344 [PRODUCER] WARNING: High amount trade detected: trade_id=9a911623-ae2d-47d6-ad6c-baf6881b7add, symbol=GOOG, side=SELL, amount=1093006.08
2025-12-03 20:29:03,344 [PRODUCER] WARNING: High amount trade detected: trade_id=f59946b5-8e3c-41ee-af5f-bca3f6213771, symbol=MSFT, side=BUY, amount=2622911.94
2025-12-03 20:29:03,344 [PRODUCER] WARNING: High amount trade detected: trade_id=86fd3de0-738d-42be-a0fe-7b29c4f684b8, symbol=TSLA, side=SELL, amount=1729090.79
2025-12-03 20:29:03,344 [PRODUCER] WARNING: High amount trade detected: trade_id=2539873d-0c6d-4823-9bf1-bda234f4c91c, symbol=AAPL, side=BUY, amount=1781217.27
2025-12-03 20:29:03,344 [PRODUCER] WARNING: High amount trade detected: trade_id=9023b69b-566e-4238-b979-a9c32e09cfb4, symbol=TSLA, side=SELL, amount=3497466.5
2025-12-03 20:29:03,344 [PRODUCER] WARNING: High amount trade detected: trade_id=14ef0540-092c-4995-8e0c-2652dfec9c7d, symbol=AMZN, side=BUY, amount=2248441.36
2025-12-03 20:29:03,344 [PRODUCER] WARNING: High amount trade detected: trade_id=3f834028-7836-4754-afaa-e79d069e2cc5, symbol=TSLA, side=BUY, amount=1288759.46
2025-12-03 20:29:03,344 [PRODUCER] WARNING: High amount trade detected: trade_id=38358930-4643-429f-b2e8-e258533cc2f0, symbol=GOOG, side=BUY, amount=3298192.53
2025-12-03 20:29:03,344 [PRODUCER] WARNING: High amount trade detected: trade_id=7275397d-2a44-4e6a-9b21-2cf80ba3c0ab, symbol=AAPL, side=SELL, amount=1743617.12
2025-12-03 20:29:03,344 [PRODUCER] WARNING: High amount trade detected: trade_id=635026ef-a0a9-4b1b-a93b-e6ad33347268, symbol=MSFT, side=SELL, amount=1608852.78
2025-12-03 20:29:03,344 [PRODUCER] WARNING: High amount trade detected: trade_id=c7206a83-721c-4a48-9d86-a59ed4c49940, symbol=MSFT, side=SELL, amount=1981666.8
2025-12-03 20:29:03,344 [PRODUCER] WARNING: High amount trade detected: trade_id=2f4e2cd3-a41f-4d57-adc1-9cb5d7c16ee2, symbol=AAPL, side=SELL, amount=3921715.2
2025-12-03 20:29:03,344 [PRODUCER] WARNING: High amount trade detected: trade_id=9e80faf5-7503-4b01-b8ab-e2b3cb399ad5, symbol=GOOG, side=BUY, amount=1586415.32
2025-12-03 20:29:03,344 [PRODUCER] WARNING: High amount trade detected: trade_id=d9f9ac82-3441-4beb-9db2-19cb589297f0, symbol=MSFT, side=BUY, amount=2091066.12
2025-12-03 20:29:03,344 [PRODUCER] WARNING: High amount trade detected: trade_id=beb515e2-e38a-425f-832d-152d1907185d, symbol=GOOG, side=SELL, amount=1977518.64
2025-12-03 20:29:03,344 [PRODUCER] WARNING: High amount trade detected: trade_id=46e0db87-58a7-4ebb-80d9-2a0091921d87, symbol=GOOG, side=SELL, amount=2178041.36
2025-12-03 20:29:03,344 [PRODUCER] WARNING: High amount trade detected: trade_id=250afe37-89f2-40eb-8719-e7ed6fa32711, symbol=AMZN, side=SELL, amount=1523633.82
2025-12-03 20:29:03,344 [PRODUCER] WARNING: High amount trade detected: trade_id=2478151a-6af9-4b51-8a57-b881a102526c, symbol=AAPL, side=BUY, amount=1987020.41
2025-12-03 20:29:03,344 [PRODUCER] WARNING: High amount trade detected: trade_id=473c2e44-aac4-4f38-976b-9e0ee85afbd9, symbol=AMZN, side=BUY, amount=3389935.92
2025-12-03 20:29:03,344 [PRODUCER] WARNING: High amount trade detected: trade_id=a92f8b20-6c11-41e7-8f25-a6ab3c669e97, symbol=GOOG, side=SELL, amount=2620883.18
2025-12-03 20:29:03,344 [PRODUCER] WARNING: High amount trade detected: trade_id=787f6592-4e65-44cd-bb32-ed7f31ea618e, symbol=MSFT, side=BUY, amount=3288154.06
2025-12-03 20:29:03,344 [PRODUCER] WARNING: High amount trade detected: trade_id=6c786d84-77b2-4197-9f48-8b2cf19ec13c, symbol=TSLA, side=BUY, amount=3024028.17
2025-12-03 20:29:03,344 [PRODUCER] WARNING: High amount trade detected: trade_id=09962579-0ea2-4f26-b36c-e718d4b93655, symbol=TSLA, side=SELL, amount=3016177.2
2025-12-03 20:29:03,344 [PRODUCER] WARNING: High amount trade detected: trade_id=8f799821-3bf5-4b1a-a3c2-0c070eae50c5, symbol=TSLA, side=BUY, amount=3471773.11
2025-12-03 20:29:03,344 [PRODUCER] INFO: Monitoring checks completed.
